<?xml version="1.0" encoding="UTF-8"?>
<!-- Generated by org.testng.reporters.JUnitXMLReporter -->
<testsuite ignored="0" hostname="Z3P3PUGAVS0034" failures="1" tests="1" name="Test" time="19.122" errors="0" timestamp="2021-08-03T15:17:36 IST">
  <testcase classname="driver.Driver" name="executeTestcase" time="18.797">
    <failure type="java.lang.reflect.InvocationTargetException">
      <![CDATA[java.lang.reflect.InvocationTargetException
at driver.Driver.executeTestcase(Driver.java:104)
at java.base/java.util.ArrayList.forEach(ArrayList.java:1511)
Caused by: java.lang.AssertionError: The following asserts failed:
expected [Summary of Pa] but found [Summary of Patients]
at services.WebDriverServiceImpl.softAssertVerification(WebDriverServiceImpl.java:775)
at pages.Summary.assertSummaryList(Summary.java:65)
at testcases.General.TestCase_01.loginWDC(TestCase_01.java:42)
... 37 more
... Removed 37 stack frames]]>
    </failure>
  </testcase> <!-- executeTestcase -->
</testsuite> <!-- Test -->
